State 45 conflicts: 3 shift/reduce
State 46 conflicts: 3 shift/reduce
State 47 conflicts: 3 shift/reduce
State 48 conflicts: 3 shift/reduce
State 49 conflicts: 3 shift/reduce
State 50 conflicts: 8 shift/reduce
State 51 conflicts: 8 shift/reduce
State 52 conflicts: 8 shift/reduce


Grammar

    0 $accept: program $end

    1 $@1: %empty

    2 program: LET declarations IN $@1 commands END

    3 declarations: %empty
    4             | INTEGER id_seq IDENTIFIER '.'

    5 id_seq: %empty
    6       | id_seq IDENTIFIER ','

    7 commands: %empty
    8         | commands command ';'

    9 command: SKIP
   10        | READ IDENTIFIER
   11        | WRITE exp
   12        | IDENTIFIER ASSGNOP exp
   13        | IF exp

   14 $@2: %empty

   15 $@3: %empty

   16 command: THEN commands $@2 ELSE $@3 commands FI

   17 $@4: %empty

   18 $@5: %empty

   19 command: WHILE $@4 exp $@5 DO commands END

   20 exp: NUMBER
   21    | IDENTIFIER
   22    | exp '<' exp
   23    | exp '=' exp
   24    | exp '>' exp
   25    | exp '+' exp
   26    | exp '-' exp
   27    | exp '*' exp
   28    | exp '/' exp
   29    | exp '^' exp
   30    | '(' exp ')'


Terminals, with rules where they appear

    $end (0) 0
    '(' (40) 30
    ')' (41) 30
    '*' (42) 27
    '+' (43) 25
    ',' (44) 6
    '-' (45) 26
    '.' (46) 4
    '/' (47) 28
    ';' (59) 8
    '<' (60) 22
    '=' (61) 23
    '>' (62) 24
    '^' (94) 29
    error (256)
    NUMBER <intval> (258) 20
    IDENTIFIER <id> (259) 4 6 10 12 21
    IF <lbls> (260) 13
    WHILE <lbls> (261) 19
    SKIP <lbls> (262) 9
    THEN <lbls> (263) 16
    ELSE <lbls> (264) 16
    FI <lbls> (265) 16
    DO <lbls> (266) 19
    END <lbls> (267) 2 19
    INTEGER (268) 4
    READ (269) 10
    WRITE (270) 11
    LET (271) 2
    IN (272) 2
    ASSGNOP (273) 12


Nonterminals, with rules where they appear

    $accept (32)
        on left: 0
    program (33)
        on left: 2
        on right: 0
    $@1 (34)
        on left: 1
        on right: 2
    declarations (35)
        on left: 3 4
        on right: 2
    id_seq (36)
        on left: 5 6
        on right: 4 6
    commands (37)
        on left: 7 8
        on right: 2 8 16 19
    command (38)
        on left: 9 10 11 12 13 16 19
        on right: 8
    $@2 (39)
        on left: 14
        on right: 16
    $@3 (40)
        on left: 15
        on right: 16
    $@4 (41)
        on left: 17
        on right: 19
    $@5 (42)
        on left: 18
        on right: 19
    exp (43)
        on left: 20 21 22 23 24 25 26 27 28 29 30
        on right: 11 12 13 19 22 23 24 25 26 27 28 29 30


State 0

    0 $accept: . program $end

    LET  shift, and go to state 1

    program  go to state 2


State 1

    2 program: LET . declarations IN $@1 commands END

    INTEGER  shift, and go to state 3

    $default  reduce using rule 3 (declarations)

    declarations  go to state 4


State 2

    0 $accept: program . $end

    $end  shift, and go to state 5


State 3

    4 declarations: INTEGER . id_seq IDENTIFIER '.'

    $default  reduce using rule 5 (id_seq)

    id_seq  go to state 6


State 4

    2 program: LET declarations . IN $@1 commands END

    IN  shift, and go to state 7


State 5

    0 $accept: program $end .

    $default  accept


State 6

    4 declarations: INTEGER id_seq . IDENTIFIER '.'
    6 id_seq: id_seq . IDENTIFIER ','

    IDENTIFIER  shift, and go to state 8


State 7

    2 program: LET declarations IN . $@1 commands END

    $default  reduce using rule 1 ($@1)

    $@1  go to state 9


State 8

    4 declarations: INTEGER id_seq IDENTIFIER . '.'
    6 id_seq: id_seq IDENTIFIER . ','

    '.'  shift, and go to state 10
    ','  shift, and go to state 11


State 9

    2 program: LET declarations IN $@1 . commands END

    $default  reduce using rule 7 (commands)

    commands  go to state 12


State 10

    4 declarations: INTEGER id_seq IDENTIFIER '.' .

    $default  reduce using rule 4 (declarations)


State 11

    6 id_seq: id_seq IDENTIFIER ',' .

    $default  reduce using rule 6 (id_seq)


State 12

    2 program: LET declarations IN $@1 commands . END
    8 commands: commands . command ';'

    IDENTIFIER  shift, and go to state 13
    IF          shift, and go to state 14
    WHILE       shift, and go to state 15
    SKIP        shift, and go to state 16
    THEN        shift, and go to state 17
    END         shift, and go to state 18
    READ        shift, and go to state 19
    WRITE       shift, and go to state 20

    command  go to state 21


State 13

   12 command: IDENTIFIER . ASSGNOP exp

    ASSGNOP  shift, and go to state 22


State 14

   13 command: IF . exp

    NUMBER      shift, and go to state 23
    IDENTIFIER  shift, and go to state 24
    '('         shift, and go to state 25

    exp  go to state 26


State 15

   19 command: WHILE . $@4 exp $@5 DO commands END

    $default  reduce using rule 17 ($@4)

    $@4  go to state 27


State 16

    9 command: SKIP .

    $default  reduce using rule 9 (command)


State 17

   16 command: THEN . commands $@2 ELSE $@3 commands FI

    $default  reduce using rule 7 (commands)

    commands  go to state 28


State 18

    2 program: LET declarations IN $@1 commands END .

    $default  reduce using rule 2 (program)


State 19

   10 command: READ . IDENTIFIER

    IDENTIFIER  shift, and go to state 29


State 20

   11 command: WRITE . exp

    NUMBER      shift, and go to state 23
    IDENTIFIER  shift, and go to state 24
    '('         shift, and go to state 25

    exp  go to state 30


State 21

    8 commands: commands command . ';'

    ';'  shift, and go to state 31


State 22

   12 command: IDENTIFIER ASSGNOP . exp

    NUMBER      shift, and go to state 23
    IDENTIFIER  shift, and go to state 24
    '('         shift, and go to state 25

    exp  go to state 32


State 23

   20 exp: NUMBER .

    $default  reduce using rule 20 (exp)


State 24

   21 exp: IDENTIFIER .

    $default  reduce using rule 21 (exp)


State 25

   30 exp: '(' . exp ')'

    NUMBER      shift, and go to state 23
    IDENTIFIER  shift, and go to state 24
    '('         shift, and go to state 25

    exp  go to state 33


State 26

   13 command: IF exp .
   22 exp: exp . '<' exp
   23    | exp . '=' exp
   24    | exp . '>' exp
   25    | exp . '+' exp
   26    | exp . '-' exp
   27    | exp . '*' exp
   28    | exp . '/' exp
   29    | exp . '^' exp

    '-'  shift, and go to state 34
    '+'  shift, and go to state 35
    '*'  shift, and go to state 36
    '/'  shift, and go to state 37
    '^'  shift, and go to state 38
    '<'  shift, and go to state 39
    '='  shift, and go to state 40
    '>'  shift, and go to state 41

    $default  reduce using rule 13 (command)


State 27

   19 command: WHILE $@4 . exp $@5 DO commands END

    NUMBER      shift, and go to state 23
    IDENTIFIER  shift, and go to state 24
    '('         shift, and go to state 25

    exp  go to state 42


State 28

    8 commands: commands . command ';'
   16 command: THEN commands . $@2 ELSE $@3 commands FI

    IDENTIFIER  shift, and go to state 13
    IF          shift, and go to state 14
    WHILE       shift, and go to state 15
    SKIP        shift, and go to state 16
    THEN        shift, and go to state 17
    READ        shift, and go to state 19
    WRITE       shift, and go to state 20

    $default  reduce using rule 14 ($@2)

    command  go to state 21
    $@2      go to state 43


State 29

   10 command: READ IDENTIFIER .

    $default  reduce using rule 10 (command)


State 30

   11 command: WRITE exp .
   22 exp: exp . '<' exp
   23    | exp . '=' exp
   24    | exp . '>' exp
   25    | exp . '+' exp
   26    | exp . '-' exp
   27    | exp . '*' exp
   28    | exp . '/' exp
   29    | exp . '^' exp

    '-'  shift, and go to state 34
    '+'  shift, and go to state 35
    '*'  shift, and go to state 36
    '/'  shift, and go to state 37
    '^'  shift, and go to state 38
    '<'  shift, and go to state 39
    '='  shift, and go to state 40
    '>'  shift, and go to state 41

    $default  reduce using rule 11 (command)


State 31

    8 commands: commands command ';' .

    $default  reduce using rule 8 (commands)


State 32

   12 command: IDENTIFIER ASSGNOP exp .
   22 exp: exp . '<' exp
   23    | exp . '=' exp
   24    | exp . '>' exp
   25    | exp . '+' exp
   26    | exp . '-' exp
   27    | exp . '*' exp
   28    | exp . '/' exp
   29    | exp . '^' exp

    '-'  shift, and go to state 34
    '+'  shift, and go to state 35
    '*'  shift, and go to state 36
    '/'  shift, and go to state 37
    '^'  shift, and go to state 38
    '<'  shift, and go to state 39
    '='  shift, and go to state 40
    '>'  shift, and go to state 41

    $default  reduce using rule 12 (command)


State 33

   22 exp: exp . '<' exp
   23    | exp . '=' exp
   24    | exp . '>' exp
   25    | exp . '+' exp
   26    | exp . '-' exp
   27    | exp . '*' exp
   28    | exp . '/' exp
   29    | exp . '^' exp
   30    | '(' exp . ')'

    '-'  shift, and go to state 34
    '+'  shift, and go to state 35
    '*'  shift, and go to state 36
    '/'  shift, and go to state 37
    '^'  shift, and go to state 38
    '<'  shift, and go to state 39
    '='  shift, and go to state 40
    '>'  shift, and go to state 41
    ')'  shift, and go to state 44


State 34

   26 exp: exp '-' . exp

    NUMBER      shift, and go to state 23
    IDENTIFIER  shift, and go to state 24
    '('         shift, and go to state 25

    exp  go to state 45


State 35

   25 exp: exp '+' . exp

    NUMBER      shift, and go to state 23
    IDENTIFIER  shift, and go to state 24
    '('         shift, and go to state 25

    exp  go to state 46


State 36

   27 exp: exp '*' . exp

    NUMBER      shift, and go to state 23
    IDENTIFIER  shift, and go to state 24
    '('         shift, and go to state 25

    exp  go to state 47


State 37

   28 exp: exp '/' . exp

    NUMBER      shift, and go to state 23
    IDENTIFIER  shift, and go to state 24
    '('         shift, and go to state 25

    exp  go to state 48


State 38

   29 exp: exp '^' . exp

    NUMBER      shift, and go to state 23
    IDENTIFIER  shift, and go to state 24
    '('         shift, and go to state 25

    exp  go to state 49


State 39

   22 exp: exp '<' . exp

    NUMBER      shift, and go to state 23
    IDENTIFIER  shift, and go to state 24
    '('         shift, and go to state 25

    exp  go to state 50


State 40

   23 exp: exp '=' . exp

    NUMBER      shift, and go to state 23
    IDENTIFIER  shift, and go to state 24
    '('         shift, and go to state 25

    exp  go to state 51


State 41

   24 exp: exp '>' . exp

    NUMBER      shift, and go to state 23
    IDENTIFIER  shift, and go to state 24
    '('         shift, and go to state 25

    exp  go to state 52


State 42

   19 command: WHILE $@4 exp . $@5 DO commands END
   22 exp: exp . '<' exp
   23    | exp . '=' exp
   24    | exp . '>' exp
   25    | exp . '+' exp
   26    | exp . '-' exp
   27    | exp . '*' exp
   28    | exp . '/' exp
   29    | exp . '^' exp

    '-'  shift, and go to state 34
    '+'  shift, and go to state 35
    '*'  shift, and go to state 36
    '/'  shift, and go to state 37
    '^'  shift, and go to state 38
    '<'  shift, and go to state 39
    '='  shift, and go to state 40
    '>'  shift, and go to state 41

    $default  reduce using rule 18 ($@5)

    $@5  go to state 53


State 43

   16 command: THEN commands $@2 . ELSE $@3 commands FI

    ELSE  shift, and go to state 54


State 44

   30 exp: '(' exp ')' .

    $default  reduce using rule 30 (exp)


State 45

   22 exp: exp . '<' exp
   23    | exp . '=' exp
   24    | exp . '>' exp
   25    | exp . '+' exp
   26    | exp . '-' exp
   26    | exp '-' exp .
   27    | exp . '*' exp
   28    | exp . '/' exp
   29    | exp . '^' exp

    '*'  shift, and go to state 36
    '/'  shift, and go to state 37
    '^'  shift, and go to state 38
    '<'  shift, and go to state 39
    '='  shift, and go to state 40
    '>'  shift, and go to state 41

    '<'       [reduce using rule 26 (exp)]
    '='       [reduce using rule 26 (exp)]
    '>'       [reduce using rule 26 (exp)]
    $default  reduce using rule 26 (exp)


State 46

   22 exp: exp . '<' exp
   23    | exp . '=' exp
   24    | exp . '>' exp
   25    | exp . '+' exp
   25    | exp '+' exp .
   26    | exp . '-' exp
   27    | exp . '*' exp
   28    | exp . '/' exp
   29    | exp . '^' exp

    '*'  shift, and go to state 36
    '/'  shift, and go to state 37
    '^'  shift, and go to state 38
    '<'  shift, and go to state 39
    '='  shift, and go to state 40
    '>'  shift, and go to state 41

    '<'       [reduce using rule 25 (exp)]
    '='       [reduce using rule 25 (exp)]
    '>'       [reduce using rule 25 (exp)]
    $default  reduce using rule 25 (exp)


State 47

   22 exp: exp . '<' exp
   23    | exp . '=' exp
   24    | exp . '>' exp
   25    | exp . '+' exp
   26    | exp . '-' exp
   27    | exp . '*' exp
   27    | exp '*' exp .
   28    | exp . '/' exp
   29    | exp . '^' exp

    '^'  shift, and go to state 38
    '<'  shift, and go to state 39
    '='  shift, and go to state 40
    '>'  shift, and go to state 41

    '<'       [reduce using rule 27 (exp)]
    '='       [reduce using rule 27 (exp)]
    '>'       [reduce using rule 27 (exp)]
    $default  reduce using rule 27 (exp)


State 48

   22 exp: exp . '<' exp
   23    | exp . '=' exp
   24    | exp . '>' exp
   25    | exp . '+' exp
   26    | exp . '-' exp
   27    | exp . '*' exp
   28    | exp . '/' exp
   28    | exp '/' exp .
   29    | exp . '^' exp

    '^'  shift, and go to state 38
    '<'  shift, and go to state 39
    '='  shift, and go to state 40
    '>'  shift, and go to state 41

    '<'       [reduce using rule 28 (exp)]
    '='       [reduce using rule 28 (exp)]
    '>'       [reduce using rule 28 (exp)]
    $default  reduce using rule 28 (exp)


State 49

   22 exp: exp . '<' exp
   23    | exp . '=' exp
   24    | exp . '>' exp
   25    | exp . '+' exp
   26    | exp . '-' exp
   27    | exp . '*' exp
   28    | exp . '/' exp
   29    | exp . '^' exp
   29    | exp '^' exp .

    '<'  shift, and go to state 39
    '='  shift, and go to state 40
    '>'  shift, and go to state 41

    '<'       [reduce using rule 29 (exp)]
    '='       [reduce using rule 29 (exp)]
    '>'       [reduce using rule 29 (exp)]
    $default  reduce using rule 29 (exp)


State 50

   22 exp: exp . '<' exp
   22    | exp '<' exp .
   23    | exp . '=' exp
   24    | exp . '>' exp
   25    | exp . '+' exp
   26    | exp . '-' exp
   27    | exp . '*' exp
   28    | exp . '/' exp
   29    | exp . '^' exp

    '-'  shift, and go to state 34
    '+'  shift, and go to state 35
    '*'  shift, and go to state 36
    '/'  shift, and go to state 37
    '^'  shift, and go to state 38
    '<'  shift, and go to state 39
    '='  shift, and go to state 40
    '>'  shift, and go to state 41

    '-'       [reduce using rule 22 (exp)]
    '+'       [reduce using rule 22 (exp)]
    '*'       [reduce using rule 22 (exp)]
    '/'       [reduce using rule 22 (exp)]
    '^'       [reduce using rule 22 (exp)]
    '<'       [reduce using rule 22 (exp)]
    '='       [reduce using rule 22 (exp)]
    '>'       [reduce using rule 22 (exp)]
    $default  reduce using rule 22 (exp)


State 51

   22 exp: exp . '<' exp
   23    | exp . '=' exp
   23    | exp '=' exp .
   24    | exp . '>' exp
   25    | exp . '+' exp
   26    | exp . '-' exp
   27    | exp . '*' exp
   28    | exp . '/' exp
   29    | exp . '^' exp

    '-'  shift, and go to state 34
    '+'  shift, and go to state 35
    '*'  shift, and go to state 36
    '/'  shift, and go to state 37
    '^'  shift, and go to state 38
    '<'  shift, and go to state 39
    '='  shift, and go to state 40
    '>'  shift, and go to state 41

    '-'       [reduce using rule 23 (exp)]
    '+'       [reduce using rule 23 (exp)]
    '*'       [reduce using rule 23 (exp)]
    '/'       [reduce using rule 23 (exp)]
    '^'       [reduce using rule 23 (exp)]
    '<'       [reduce using rule 23 (exp)]
    '='       [reduce using rule 23 (exp)]
    '>'       [reduce using rule 23 (exp)]
    $default  reduce using rule 23 (exp)


State 52

   22 exp: exp . '<' exp
   23    | exp . '=' exp
   24    | exp . '>' exp
   24    | exp '>' exp .
   25    | exp . '+' exp
   26    | exp . '-' exp
   27    | exp . '*' exp
   28    | exp . '/' exp
   29    | exp . '^' exp

    '-'  shift, and go to state 34
    '+'  shift, and go to state 35
    '*'  shift, and go to state 36
    '/'  shift, and go to state 37
    '^'  shift, and go to state 38
    '<'  shift, and go to state 39
    '='  shift, and go to state 40
    '>'  shift, and go to state 41

    '-'       [reduce using rule 24 (exp)]
    '+'       [reduce using rule 24 (exp)]
    '*'       [reduce using rule 24 (exp)]
    '/'       [reduce using rule 24 (exp)]
    '^'       [reduce using rule 24 (exp)]
    '<'       [reduce using rule 24 (exp)]
    '='       [reduce using rule 24 (exp)]
    '>'       [reduce using rule 24 (exp)]
    $default  reduce using rule 24 (exp)


State 53

   19 command: WHILE $@4 exp $@5 . DO commands END

    DO  shift, and go to state 55


State 54

   16 command: THEN commands $@2 ELSE . $@3 commands FI

    $default  reduce using rule 15 ($@3)

    $@3  go to state 56


State 55

   19 command: WHILE $@4 exp $@5 DO . commands END

    $default  reduce using rule 7 (commands)

    commands  go to state 57


State 56

   16 command: THEN commands $@2 ELSE $@3 . commands FI

    $default  reduce using rule 7 (commands)

    commands  go to state 58


State 57

    8 commands: commands . command ';'
   19 command: WHILE $@4 exp $@5 DO commands . END

    IDENTIFIER  shift, and go to state 13
    IF          shift, and go to state 14
    WHILE       shift, and go to state 15
    SKIP        shift, and go to state 16
    THEN        shift, and go to state 17
    END         shift, and go to state 59
    READ        shift, and go to state 19
    WRITE       shift, and go to state 20

    command  go to state 21


State 58

    8 commands: commands . command ';'
   16 command: THEN commands $@2 ELSE $@3 commands . FI

    IDENTIFIER  shift, and go to state 13
    IF          shift, and go to state 14
    WHILE       shift, and go to state 15
    SKIP        shift, and go to state 16
    THEN        shift, and go to state 17
    FI          shift, and go to state 60
    READ        shift, and go to state 19
    WRITE       shift, and go to state 20

    command  go to state 21


State 59

   19 command: WHILE $@4 exp $@5 DO commands END .

    $default  reduce using rule 19 (command)


State 60

   16 command: THEN commands $@2 ELSE $@3 commands FI .

    $default  reduce using rule 16 (command)
